<?xml version="1.0" encoding="UTF-8"?>
<testng-results skipped="0" failed="0" ignored="0" total="1" passed="1">
  <reporter-output>
  </reporter-output>
  <suite name="Default suite" duration-ms="334831" started-at="2020-04-08T15:54:28Z" finished-at="2020-04-08T16:00:03Z">
    <groups>
    </groups>
    <test name="Default test" duration-ms="334831" started-at="2020-04-08T15:54:28Z" finished-at="2020-04-08T16:00:03Z">
      <class name="com.scripts.netSuite.splitInvoice.TS_NS_6715_SplitInvoiceSplitInvoice">
        <test-method status="PASS" signature="setUp()[pri:0, instance:com.scripts.netSuite.splitInvoice.TS_NS_6715_SplitInvoiceSplitInvoice@149cea0]" name="setUp" is-config="true" duration-ms="209" started-at="2020-04-08T15:54:28Z" finished-at="2020-04-08T15:54:28Z">
          <reporter-output>
          </reporter-output>
        </test-method> <!-- setUp -->
        <test-method status="PASS" signature="getTest()[pri:0, instance:com.scripts.netSuite.splitInvoice.TS_NS_6715_SplitInvoiceSplitInvoice@149cea0]" name="getTest" is-config="true" duration-ms="367" started-at="2020-04-08T15:54:28Z" finished-at="2020-04-08T15:54:28Z">
          <reporter-output>
          </reporter-output>
        </test-method> <!-- getTest -->
        <test-method status="PASS" signature="test()[pri:0, instance:com.scripts.netSuite.splitInvoice.TS_NS_6715_SplitInvoiceSplitInvoice@149cea0]" name="test" is-config="true" duration-ms="1479" started-at="2020-04-08T15:54:28Z" finished-at="2020-04-08T15:54:30Z">
          <reporter-output>
          </reporter-output>
        </test-method> <!-- test -->
        <test-method status="PASS" signature="TS_NS_6715_SplitInvoiceSplitInvoice()[pri:0, instance:com.scripts.netSuite.splitInvoice.TS_NS_6715_SplitInvoiceSplitInvoice@149cea0]" name="TS_NS_6715_SplitInvoiceSplitInvoice" duration-ms="329100" started-at="2020-04-08T15:54:30Z" finished-at="2020-04-08T15:59:59Z">
          <reporter-output>
          </reporter-output>
        </test-method> <!-- TS_NS_6715_SplitInvoiceSplitInvoice -->
        <test-method status="PASS" signature="ExtentReport()[pri:0, instance:com.scripts.netSuite.splitInvoice.TS_NS_6715_SplitInvoiceSplitInvoice@149cea0]" name="ExtentReport" is-config="true" duration-ms="3541" started-at="2020-04-08T15:59:59Z" finished-at="2020-04-08T16:00:02Z">
          <reporter-output>
          </reporter-output>
        </test-method> <!-- ExtentReport -->
        <test-method status="PASS" signature="getResult()[pri:0, instance:com.scripts.netSuite.splitInvoice.TS_NS_6715_SplitInvoiceSplitInvoice@149cea0]" name="getResult" is-config="true" duration-ms="218" started-at="2020-04-08T16:00:02Z" finished-at="2020-04-08T16:00:03Z">
          <reporter-output>
          </reporter-output>
        </test-method> <!-- getResult -->
        <test-method status="FAIL" signature="LogsOut()[pri:0, instance:com.scripts.netSuite.splitInvoice.TS_NS_6715_SplitInvoiceSplitInvoice@149cea0]" name="LogsOut" is-config="true" duration-ms="39" started-at="2020-04-08T16:00:03Z" finished-at="2020-04-08T16:00:03Z">
          <exception class="org.openqa.selenium.NoSuchSessionException">
            <message>
              <![CDATA[no such session
  (Driver info: chromedriver=2.41.578737 (49da6702b16031c40d63e5618de03a32ff6c197e),platform=Windows NT 6.1.7601 SP1 x86_64) (WARNING: The server did not provide any stacktrace information)
Command duration or timeout: 0 milliseconds
Build info: version: '3.141.59', revision: 'e82be7d358', time: '2018-11-14T08:17:03'
System info: host: 'USER-PC', ip: '192.168.1.3', os.name: 'Windows 7', os.arch: 'x86', os.version: '6.1', java.version: '1.8.0_91'
Driver info: org.openqa.selenium.chrome.ChromeDriver
Capabilities {acceptInsecureCerts: false, acceptSslCerts: false, applicationCacheEnabled: false, browserConnectionEnabled: false, browserName: chrome, chrome: {chromedriverVersion: 2.41.578737 (49da6702b16031..., userDataDir: C:\Users\user\AppData\Local...}, cssSelectorsEnabled: true, databaseEnabled: false, goog:chromeOptions: {debuggerAddress: localhost:55605}, handlesAlerts: true, hasTouchScreen: false, javascriptEnabled: true, locationContextEnabled: true, mobileEmulationEnabled: false, nativeEvents: true, networkConnectionEnabled: false, pageLoadStrategy: normal, platform: XP, platformName: XP, rotatable: false, setWindowRect: true, takesHeapSnapshot: true, takesScreenshot: true, unexpectedAlertBehaviour: accept, unhandledPromptBehavior: accept, version: 80.0.3987.163, webStorageEnabled: true}
Session ID: 971a18fc718bfce88fb8eb6b5e6b1fba]]>
            </message>
            <full-stacktrace>
              <![CDATA[org.openqa.selenium.NoSuchSessionException: no such session
  (Driver info: chromedriver=2.41.578737 (49da6702b16031c40d63e5618de03a32ff6c197e),platform=Windows NT 6.1.7601 SP1 x86_64) (WARNING: The server did not provide any stacktrace information)
Command duration or timeout: 0 milliseconds
Build info: version: '3.141.59', revision: 'e82be7d358', time: '2018-11-14T08:17:03'
System info: host: 'USER-PC', ip: '192.168.1.3', os.name: 'Windows 7', os.arch: 'x86', os.version: '6.1', java.version: '1.8.0_91'
Driver info: org.openqa.selenium.chrome.ChromeDriver
Capabilities {acceptInsecureCerts: false, acceptSslCerts: false, applicationCacheEnabled: false, browserConnectionEnabled: false, browserName: chrome, chrome: {chromedriverVersion: 2.41.578737 (49da6702b16031..., userDataDir: C:\Users\user\AppData\Local...}, cssSelectorsEnabled: true, databaseEnabled: false, goog:chromeOptions: {debuggerAddress: localhost:55605}, handlesAlerts: true, hasTouchScreen: false, javascriptEnabled: true, locationContextEnabled: true, mobileEmulationEnabled: false, nativeEvents: true, networkConnectionEnabled: false, pageLoadStrategy: normal, platform: XP, platformName: XP, rotatable: false, setWindowRect: true, takesHeapSnapshot: true, takesScreenshot: true, unexpectedAlertBehaviour: accept, unhandledPromptBehavior: accept, version: 80.0.3987.163, webStorageEnabled: true}
Session ID: 971a18fc718bfce88fb8eb6b5e6b1fba
at sun.reflect.NativeConstructorAccessorImpl.newInstance0(Native Method)
at sun.reflect.NativeConstructorAccessorImpl.newInstance(Unknown Source)
at sun.reflect.DelegatingConstructorAccessorImpl.newInstance(Unknown Source)
at java.lang.reflect.Constructor.newInstance(Unknown Source)
at org.openqa.selenium.remote.ErrorHandler.createThrowable(ErrorHandler.java:214)
at org.openqa.selenium.remote.ErrorHandler.throwIfResponseFailed(ErrorHandler.java:166)
at org.openqa.selenium.remote.http.JsonHttpResponseCodec.reconstructValue(JsonHttpResponseCodec.java:40)
at org.openqa.selenium.remote.http.AbstractHttpResponseCodec.decode(AbstractHttpResponseCodec.java:80)
at org.openqa.selenium.remote.http.AbstractHttpResponseCodec.decode(AbstractHttpResponseCodec.java:44)
at org.openqa.selenium.remote.HttpCommandExecutor.execute(HttpCommandExecutor.java:158)
at org.openqa.selenium.remote.service.DriverCommandExecutor.execute(DriverCommandExecutor.java:83)
at org.openqa.selenium.remote.RemoteWebDriver.execute(RemoteWebDriver.java:552)
at org.openqa.selenium.remote.RemoteWebDriver.execute(RemoteWebDriver.java:609)
at org.openqa.selenium.remote.RemoteWebDriver.close(RemoteWebDriver.java:442)
at com.scripts.netSuite.splitInvoice.TS_NS_6715_SplitInvoiceSplitInvoice.LogsOut(TS_NS_6715_SplitInvoiceSplitInvoice.java:96)
at sun.reflect.NativeMethodAccessorImpl.invoke0(Native Method)
at sun.reflect.NativeMethodAccessorImpl.invoke(Unknown Source)
at sun.reflect.DelegatingMethodAccessorImpl.invoke(Unknown Source)
at java.lang.reflect.Method.invoke(Unknown Source)
at org.testng.internal.MethodInvocationHelper.invokeMethod(MethodInvocationHelper.java:124)
at org.testng.internal.MethodInvocationHelper.invokeMethodConsideringTimeout(MethodInvocationHelper.java:59)
at org.testng.internal.Invoker.invokeConfigurationMethod(Invoker.java:455)
at org.testng.internal.Invoker.invokeConfigurations(Invoker.java:222)
at org.testng.internal.Invoker.invokeConfigurations(Invoker.java:142)
at org.testng.internal.TestMethodWorker.invokeAfterClassMethods(TestMethodWorker.java:214)
at org.testng.internal.TestMethodWorker.run(TestMethodWorker.java:111)
at org.testng.TestRunner.privateRun(TestRunner.java:648)
at org.testng.TestRunner.run(TestRunner.java:505)
at org.testng.SuiteRunner.runTest(SuiteRunner.java:455)
at org.testng.SuiteRunner.runSequentially(SuiteRunner.java:450)
at org.testng.SuiteRunner.privateRun(SuiteRunner.java:415)
at org.testng.SuiteRunner.run(SuiteRunner.java:364)
at org.testng.SuiteRunnerWorker.runSuite(SuiteRunnerWorker.java:52)
at org.testng.SuiteRunnerWorker.run(SuiteRunnerWorker.java:84)
at org.testng.TestNG.runSuitesSequentially(TestNG.java:1208)
at org.testng.TestNG.runSuitesLocally(TestNG.java:1137)
at org.testng.TestNG.runSuites(TestNG.java:1049)
at org.testng.TestNG.run(TestNG.java:1017)
at org.testng.remote.AbstractRemoteTestNG.run(AbstractRemoteTestNG.java:114)
at org.testng.remote.RemoteTestNG.initAndRun(RemoteTestNG.java:251)
at org.testng.remote.RemoteTestNG.main(RemoteTestNG.java:77)
]]>
            </full-stacktrace>
          </exception> <!-- org.openqa.selenium.NoSuchSessionException -->
          <reporter-output>
          </reporter-output>
        </test-method> <!-- LogsOut -->
        <test-method status="PASS" signature="tearDown()[pri:0, instance:com.scripts.netSuite.splitInvoice.TS_NS_6715_SplitInvoiceSplitInvoice@149cea0]" name="tearDown" is-config="true" duration-ms="367" started-at="2020-04-08T16:00:03Z" finished-at="2020-04-08T16:00:03Z">
          <reporter-output>
          </reporter-output>
        </test-method> <!-- tearDown -->
      </class> <!-- com.scripts.netSuite.splitInvoice.TS_NS_6715_SplitInvoiceSplitInvoice -->
    </test> <!-- Default test -->
  </suite> <!-- Default suite -->
</testng-results>
